[    0.000000] Initializing cgroup subsys cpuset
[    0.000000] Initializing cgroup subsys cpu
[    0.000000] Initializing cgroup subsys cpuacct
[    0.000000] Linux version 4.4.0-210-generic (buildd@lgw01-amd64-037) (gcc version 5.4.0 20160609 (Ubuntu 5.4.0-6ubuntu1~16.04.12) ) #242-Ubuntu SMP Fri Apr 16 09:57:00 UTC 2021 (Ubuntu 4.4.0-210.242-generic 4.4.262)
[    0.000000] KERNEL supported cpus:
[    0.000000]   Intel GenuineIntel
[    0.000000]   AMD AuthenticAMD
[    0.000000]   NSC Geode by NSC
[    0.000000]   Cyrix CyrixInstead
[    0.000000]   Centaur CentaurHauls
[    0.000000]   Transmeta GenuineTMx86
[    0.000000]   Transmeta TransmetaCPU
[    0.000000]   UMC UMC UMC UMC
[    0.000000] x86/fpu: xstate_offset[2]:  576, xstate_sizes[2]:  256
[    0.000000] x86/fpu: Supporting XSAVE feature 0x01: 'x87 floating point registers'
[    0.000000] x86/fpu: Supporting XSAVE feature 0x02: 'SSE registers'
[    0.000000] x86/fpu: Supporting XSAVE feature 0x04: 'AVX registers'
[    0.000000] x86/fpu: Enabled xstate features 0x7, context size is 832 bytes, using 'standard' format.
[    0.000000] e820: BIOS-provided physical RAM map:
[    0.000000] BIOS-e820: [mem 0x0000000000000000-0x000000000009fbff] usable
[    0.000000] BIOS-e820: [mem 0x000000000009fc00-0x000000000009ffff] reserved
[    0.000000] BIOS-e820: [mem 0x00000000000f0000-0x00000000000fffff] reserved
[    0.000000] BIOS-e820: [mem 0x0000000000100000-0x000000003ffeffff] usable
[    0.000000] BIOS-e820: [mem 0x000000003fff0000-0x000000003fffffff] ACPI data
[    0.000000] BIOS-e820: [mem 0x00000000fec00000-0x00000000fec00fff] reserved
[    0.000000] BIOS-e820: [mem 0x00000000fee00000-0x00000000fee00fff] reserved
[    0.000000] BIOS-e820: [mem 0x00000000fffc0000-0x00000000ffffffff] reserved
[    0.000000] NX (Execute Disable) protection: active
[    0.000000] SMBIOS 2.5 present.
[    0.000000] Hypervisor detected: KVM
[    0.000000] e820: last_pfn = 0x3fff0 max_arch_pfn = 0x1000000
[    0.000000] MTRR: Disabled
[    0.000000] x86/PAT: MTRRs disabled, skipping PAT initialization too.
[    0.000000] CPU MTRRs all blank - virtualized system.
[    0.000000] x86/PAT: Configuration [0-7]: WB  WT  UC- UC  WB  WT  UC- UC  
[    0.000000] found SMP MP-table at [mem 0x0009fff0-0x0009ffff] mapped at [c009fff0]
[    0.000000] Scanning 1 areas for low memory corruption
[    0.000000] RAMDISK: [mem 0x363a4000-0x371c9fff]
[    0.000000] ACPI: Early table checksum verification disabled
[    0.000000] ACPI: RSDP 0x00000000000E0000 000024 (v02 VBOX  )
[    0.000000] ACPI: XSDT 0x000000003FFF0030 00003C (v01 VBOX   VBOXXSDT 00000001 ASL  00000061)
[    0.000000] ACPI: FACP 0x000000003FFF00F0 0000F4 (v04 VBOX   VBOXFACP 00000001 ASL  00000061)
[    0.000000] ACPI: DSDT 0x000000003FFF0470 002325 (v02 VBOX   VBOXBIOS 00000002 INTL 20100528)
[    0.000000] ACPI: FACS 0x000000003FFF0200 000040
[    0.000000] ACPI: FACS 0x000000003FFF0200 000040
[    0.000000] ACPI: APIC 0x000000003FFF0240 00005C (v02 VBOX   VBOXAPIC 00000001 ASL  00000061)
[    0.000000] ACPI: SSDT 0x000000003FFF02A0 0001CC (v01 VBOX   VBOXCPUT 00000002 INTL 20100528)
[    0.000000] 131MB HIGHMEM available.
[    0.000000] 891MB LOWMEM available.
[    0.000000]   mapped low ram: 0 - 37bfe000
[    0.000000]   low ram: 0 - 37bfe000
[    0.000000] kvm-clock: Using msrs 4b564d01 and 4b564d00
[    0.000000] kvm-clock: cpu 0, msr 0:37bfd001, primary cpu clock
[    0.000000] kvm-clock: using sched offset of 4309964349 cycles
[    0.000000] clocksource: kvm-clock: mask: 0xffffffffffffffff max_cycles: 0x1cd42e4dffb, max_idle_ns: 881590591483 ns
[    0.000000] Zone ranges:
[    0.000000]   DMA      [mem 0x0000000000001000-0x0000000000ffffff]
[    0.000000]   Normal   [mem 0x0000000001000000-0x0000000037bfdfff]
[    0.000000]   HighMem  [mem 0x0000000037bfe000-0x000000003ffeffff]
[    0.000000] Movable zone start for each node
[    0.000000] Early memory node ranges
[    0.000000]   node   0: [mem 0x0000000000001000-0x000000000009efff]
[    0.000000]   node   0: [mem 0x0000000000100000-0x000000003ffeffff]
[    0.000000] Initmem setup node 0 [mem 0x0000000000001000-0x000000003ffeffff]
[    0.000000] Using APIC driver default
[    0.000000] ACPI: PM-Timer IO Port: 0x4008
[    0.000000] IOAPIC[0]: apic_id 2, version 32, address 0xfec00000, GSI 0-23
[    0.000000] ACPI: INT_SRC_OVR (bus 0 bus_irq 0 global_irq 2 dfl dfl)
[    0.000000] ACPI: INT_SRC_OVR (bus 0 bus_irq 9 global_irq 9 low level)
[    0.000000] Using ACPI (MADT) for SMP configuration information
[    0.000000] smpboot: Allowing 2 CPUs, 0 hotplug CPUs
[    0.000000] PM: Registered nosave memory: [mem 0x00000000-0x00000fff]
[    0.000000] PM: Registered nosave memory: [mem 0x0009f000-0x0009ffff]
[    0.000000] PM: Registered nosave memory: [mem 0x000a0000-0x000effff]
[    0.000000] PM: Registered nosave memory: [mem 0x000f0000-0x000fffff]
[    0.000000] e820: [mem 0x40000000-0xfebfffff] available for PCI devices
[    0.000000] Booting paravirtualized kernel on KVM
[    0.000000] clocksource: refined-jiffies: mask: 0xffffffff max_cycles: 0xffffffff, max_idle_ns: 7645519600211568 ns
[    0.000000] setup_percpu: NR_CPUS:8 nr_cpumask_bits:8 nr_cpu_ids:2 nr_node_ids:1
[    0.000000] PERCPU: Embedded 18 pages/cpu @f6380000 s42956 r0 d30772 u73728
[    0.000000] Built 1 zonelists in Zone order, mobility grouping on.  Total pages: 259800
[    0.000000] Kernel command line: BOOT_IMAGE=/boot/vmlinuz-4.4.0-210-generic root=LABEL=cloudimg-rootfs ro console=tty1 console=ttyS0
[    0.000000] PID hash table entries: 4096 (order: 2, 16384 bytes)
[    0.000000] Dentry cache hash table entries: 131072 (order: 7, 524288 bytes)
[    0.000000] Inode-cache hash table entries: 65536 (order: 6, 262144 bytes)
[    0.000000] Initializing CPU#0
[    0.000000] Initializing HighMem for node 0 (00037bfe:0003fff0)
[    0.000000] Initializing Movable for node 0 (00000000:00000000)
[    0.000000] Memory: 1008264K/1048120K available (8151K kernel code, 787K rwdata, 3216K rodata, 944K init, 724K bss, 39856K reserved, 0K cma-reserved, 135112K highmem)
[    0.000000] virtual kernel memory layout:
[    0.000000]     fixmap  : 0xfff15000 - 0xfffff000   ( 936 kB)
[    0.000000]     pkmap   : 0xffc00000 - 0xffe00000   (2048 kB)
[    0.000000]     vmalloc : 0xf83fe000 - 0xffbfe000   ( 120 MB)
[    0.000000]     lowmem  : 0xc0000000 - 0xf7bfe000   ( 891 MB)
[    0.000000]       .init : 0xc1be2000 - 0xc1cce000   ( 944 kB)
[    0.000000]       .data : 0xc17f61b8 - 0xc1be0d40   (4010 kB)
[    0.000000]       .text : 0xc1000000 - 0xc17f61b8   (8152 kB)
[    0.000000] Checking if this processor honours the WP bit even in supervisor mode...Ok.
[    0.000000] SLUB: HWalign=64, Order=0-3, MinObjects=0, CPUs=2, Nodes=1
[    0.000000] Hierarchical RCU implementation.
[    0.000000] 	Build-time adjustment of leaf fanout to 32.
[    0.000000] 	RCU restricting CPUs from NR_CPUS=8 to nr_cpu_ids=2.
[    0.000000] RCU: Adjusting geometry for rcu_fanout_leaf=32, nr_cpu_ids=2
[    0.000000] NR_IRQS:2304 nr_irqs:440 16
[    0.000000] Console: colour VGA+ 80x25
[    0.000000] console [tty1] enabled
[    0.000000] console [ttyS0] enabled
[    0.000000] allocated 1048576 bytes of page_ext
[    0.000000] tsc: Detected 2993.082 MHz processor
[    0.344955] Calibrating delay loop (skipped) preset value.. 5986.16 BogoMIPS (lpj=11972328)
[    0.348543] pid_max: default: 32768 minimum: 301
[    0.350678] ACPI: Core revision 20150930
[    0.356925] ACPI: 2 ACPI AML tables successfully acquired and loaded
[    0.359479] Security Framework initialized
[    0.361295] Yama: becoming mindful.
[    0.363052] AppArmor: AppArmor initialized
[    0.364941] Mount-cache hash table entries: 2048 (order: 1, 8192 bytes)
[    0.367441] Mountpoint-cache hash table entries: 2048 (order: 1, 8192 bytes)
[    0.370404] Initializing cgroup subsys io
[    0.372197] Initializing cgroup subsys memory
[    0.374144] Initializing cgroup subsys devices
[    0.376092] Initializing cgroup subsys freezer
[    0.377966] Initializing cgroup subsys net_cls
[    0.379876] Initializing cgroup subsys perf_event
[    0.381907] Initializing cgroup subsys net_prio
[    0.384075] Initializing cgroup subsys hugetlb
[    0.385913] Initializing cgroup subsys pids
[    0.389568] mce: CPU supports 0 MCE banks
[    0.391689] Last level iTLB entries: 4KB 1024, 2MB 1024, 4MB 1024
[    0.394488] Last level dTLB entries: 4KB 1024, 2MB 1024, 4MB 1024, 1GB 4
[    0.397185] Spectre V1 : Mitigation: usercopy/swapgs barriers and __user pointer sanitization
[    0.401033] Spectre V2 : Mitigation: Full generic retpoline
[    0.403297] Spectre V2 : Spectre v2 / SpectreRSB mitigation: Filling RSB on context switch
[    0.407188] Speculative Store Bypass: Vulnerable
[    0.409600] SRBDS: Unknown: Dependent on hypervisor status
[    0.412217] MDS: Mitigation: Clear CPU buffers
[    0.421986] Freeing SMP alternatives memory: 36K
[    0.436520] ftrace: allocating 31668 entries in 62 pages
[    0.560944] smpboot: APIC(0) Converting physical 0 to logical package 0
[    0.563721] smpboot: Max logical packages: 1
[    0.565573] Enabling APIC mode:  Flat.  Using 1 I/O APICs
[    0.570915] ..TIMER: vector=0x30 apic1=0 pin1=2 apic2=-1 pin2=-1
[    0.681691] smpboot: CPU0: Intel(R) Core(TM) i5-4430 CPU @ 3.00GHz (family: 0x6, model: 0x3c, stepping: 0x3)
[    0.686339] Performance Events: unsupported p6 CPU model 60 no PMU driver, software events only.
[    0.707246] KVM setup paravirtual spinlock
[    0.710200] x86: Booting SMP configuration:
[    0.712107] .... node  #0, CPUs:      #1
[1266874885.399587] Initializing CPU#1
[    0.714774] kvm-clock: cpu 1, msr 0:37bfd041, secondary cpu clock
[    0.718409] mce: CPU supports 0 MCE banks
[    0.721401] x86: Booted up 1 node, 2 CPUs
[    0.723940] smpboot: Total of 2 processors activated (11972.32 BogoMIPS)
[    0.727405] devtmpfs: initialized
[    0.729400] evm: security.selinux
[    0.731106] evm: security.SMACK64
[    0.732694] evm: security.SMACK64EXEC
[    0.734646] evm: security.SMACK64TRANSMUTE
[    0.736485] evm: security.SMACK64MMAP
[    0.738127] evm: security.ima
[    0.739710] evm: security.capability
[    0.741916] clocksource: jiffies: mask: 0xffffffff max_cycles: 0xffffffff, max_idle_ns: 7645041785100000 ns
[    0.745969] futex hash table entries: 512 (order: 3, 32768 bytes)
[    0.748653] pinctrl core: initialized pinctrl subsystem
[    0.751082] RTC time: 13:27:41, date: 11/20/21
[    0.753363] NET: Registered protocol family 16
[    0.755818] EISA bus registered
[    0.767333] cpuidle: using governor ladder
[    0.779136] cpuidle: using governor menu
[    0.780935] PCCT header not found.
[    0.782929] ACPI: bus type PCI registered
[    0.784880] acpiphp: ACPI Hot Plug PCI Controller Driver version: 0.5
[    0.788058] PCI : PCI BIOS area is rw and x. Use pci=nobios if you want it NX.
[    0.791393] PCI: PCI BIOS revision 2.10 entry at 0xfda26, last bus=0
[    0.794064] PCI: Using configuration type 1 for base access
[    0.812818] ACPI: Added _OSI(Module Device)
[    0.814806] ACPI: Added _OSI(Processor Device)
[    0.816672] ACPI: Added _OSI(3.0 _SCP Extensions)
[    0.818936] ACPI: Added _OSI(Processor Aggregator Device)
[    0.822893] ACPI: Executed 1 blocks of module-level executable AML code
[    0.831908] ACPI: Interpreter enabled
[    0.833804] ACPI: (supports S0 S5)
[    0.835562] ACPI: Using IOAPIC for interrupt routing
[    0.862532] PCI: Using host bridge windows from ACPI; if necessary, use "pci=nocrs" and report a bug
[    0.879297] ACPI: PCI Root Bridge [PCI0] (domain 0000 [bus 00-ff])
[    0.881765] acpi PNP0A03:00: _OSC: OS supports [ASPM ClockPM Segments MSI]
[    0.885655] acpi PNP0A03:00: _OSC: not requesting OS control; OS requires [ExtendedConfig ASPM ClockPM MSI]
[    0.889855] acpi PNP0A03:00: fail to add MMCONFIG information, can't access extended PCI configuration space under this bridge.
[    0.895511] PCI host bridge to bus 0000:00
[    0.897367] pci_bus 0000:00: root bus resource [io  0x0000-0x0cf7 window]
[    0.900167] pci_bus 0000:00: root bus resource [io  0x0d00-0xffff window]
[    0.903081] pci_bus 0000:00: root bus resource [mem 0x000a0000-0x000bffff window]
[    0.906516] pci_bus 0000:00: root bus resource [mem 0x40000000-0xfdffffff window]
[    0.910036] pci_bus 0000:00: root bus resource [bus 00-ff]
[    0.915726] pci 0000:00:01.1: legacy IDE quirk: reg 0x10: [io  0x01f0-0x01f7]
[    0.918737] pci 0000:00:01.1: legacy IDE quirk: reg 0x14: [io  0x03f6]
[    0.921209] pci 0000:00:01.1: legacy IDE quirk: reg 0x18: [io  0x0170-0x0177]
[    0.924045] pci 0000:00:01.1: legacy IDE quirk: reg 0x1c: [io  0x0376]
[    0.949164] pci 0000:00:07.0: quirk: [io  0x4000-0x403f] claimed by PIIX4 ACPI
[    0.952759] pci 0000:00:07.0: quirk: [io  0x4100-0x410f] claimed by PIIX4 SMB
[    0.963857] ACPI: PCI Interrupt Link [LNKA] (IRQs 5 9 10 *11)
[    0.967620] ACPI: PCI Interrupt Link [LNKB] (IRQs 5 9 *10 11)
[    0.971079] ACPI: PCI Interrupt Link [LNKC] (IRQs 5 *9 10 11)
[    0.974542] ACPI: PCI Interrupt Link [LNKD] (IRQs 5 9 10 *11)
[    0.977922] ACPI: Enabled 2 GPEs in block 00 to 07
[    0.980839] vgaarb: setting as boot device: PCI:0000:00:02.0
[    0.983398] vgaarb: device added: PCI:0000:00:02.0,decodes=io+mem,owns=io+mem,locks=none
[    0.987522] vgaarb: loaded
[    0.988922] vgaarb: bridge control possible 0000:00:02.0
[    0.991783] SCSI subsystem initialized
[    0.993844] ACPI: bus type USB registered
[    0.995776] usbcore: registered new interface driver usbfs
[    0.998038] usbcore: registered new interface driver hub
[    1.000496] usbcore: registered new device driver usb
[    1.003515] PCI: Using ACPI for IRQ routing
[    1.005981] NetLabel: Initializing
[    1.007686] NetLabel:  domain hash size = 128
[    1.009591] NetLabel:  protocols = UNLABELED CIPSOv4
[    1.011902] NetLabel:  unlabeled traffic allowed by default
[    1.014567] amd_nb: Cannot enumerate AMD northbridges
[    1.016987] clocksource: Switched to clocksource kvm-clock
[    1.036427] AppArmor: AppArmor Filesystem Enabled
[    1.038682] pnp: PnP ACPI init
[    1.042041] pnp: PnP ACPI: found 3 devices
[    1.043985] PnPBIOS: Disabled by ACPI PNP
[    1.093463] clocksource: acpi_pm: mask: 0xffffff max_cycles: 0xffffff, max_idle_ns: 2085701024 ns
[    1.097037] NET: Registered protocol family 2
[    1.099286] TCP established hash table entries: 8192 (order: 3, 32768 bytes)
[    1.102427] TCP bind hash table entries: 8192 (order: 4, 65536 bytes)
[    1.105126] TCP: Hash tables configured (established 8192 bind 8192)
[    1.107582] UDP hash table entries: 512 (order: 2, 16384 bytes)
[    1.109945] UDP-Lite hash table entries: 512 (order: 2, 16384 bytes)
[    1.112616] NET: Registered protocol family 1
[    1.114809] pci 0000:00:00.0: Limiting direct PCI/PCI transfers
[    1.117204] pci 0000:00:01.0: Activating ISA DMA hang workarounds
[    1.119947] Unpacking initramfs...
[    1.624182] Freeing initrd memory: 14488K
[    1.626451] RAPL PMU detected, API unit is 2^-32 Joules, 4 fixed counters 10737418240 ms ovfl timer
[    1.630239] hw unit of domain pp0-core 2^-0 Joules
[    1.632355] hw unit of domain package 2^-0 Joules
[    1.634413] hw unit of domain dram 2^-0 Joules
[    1.636261] hw unit of domain pp1-gpu 2^-0 Joules
[    1.638365] clocksource: tsc: mask: 0xffffffffffffffff max_cycles: 0x2b24be4f9e8, max_idle_ns: 440795267399 ns
[    1.642529] platform rtc_cmos: registered platform RTC device (no PNP device found)
[    1.647163] Scanning for low memory corruption every 60 seconds
[    1.650601] audit: initializing netlink subsys (disabled)
[    1.653098] audit: type=2000 audit(1637414867.188:1): initialized
[    1.656042] Initialise system trusted keyring
[    1.658423] HugeTLB registered 2 MB page size, pre-allocated 0 pages
[    1.664032] zbud: loaded
[    1.665950] VFS: Disk quotas dquot_6.6.0
[    1.667935] VFS: Dquot-cache hash table entries: 1024 (order 0, 4096 bytes)
[    1.671179] squashfs: version 4.0 (2009/01/31) Phillip Lougher
[    1.674402] fuse init (API version 7.23)
[    1.676818] Key type big_key registered
[    1.678768] Allocating IMA MOK and blacklist keyrings.
[    1.685620] Key type asymmetric registered
[    1.687531] Asymmetric key parser 'x509' registered
[    1.689542] bounce: pool size: 64 pages
[    1.691450] Block layer SCSI generic (bsg) driver version 0.4 loaded (major 249)
[    1.695101] io scheduler noop registered
[    1.696873] io scheduler deadline registered (default)
[    1.699157] io scheduler cfq registered
[    1.701464] pci_hotplug: PCI Hot Plug PCI Core version: 0.5
[    1.703853] pciehp: PCI Express Hot Plug Controller Driver version: 0.4
[    1.706290] ACPI: AC Adapter [AC] (on-line)
[    1.708176] input: Power Button as /devices/LNXSYSTM:00/LNXPWRBN:00/input/input0
[    1.711593] ACPI: Power Button [PWRF]
[    1.713583] input: Sleep Button as /devices/LNXSYSTM:00/LNXSLPBN:00/input/input1
[    1.716900] ACPI: Sleep Button [SLPF]
[    1.719479] GHES: HEST is not enabled!
[    1.721452] isapnp: Scanning for PnP cards...
[    1.729545] Serial: 8250/16550 driver, 32 ports, IRQ sharing enabled
[    1.753484] 00:02: ttyS0 at I/O 0x3f8 (irq = 4, base_baud = 115200) is a 16550A
[    1.760358] Linux agpgart interface v0.103
[    1.766624] loop: module loaded
[    1.769769] scsi host0: ata_piix
[    1.771524] scsi host1: ata_piix
[    1.773339] ata1: PATA max UDMA/33 cmd 0x1f0 ctl 0x3f6 bmdma 0xd000 irq 14
[    1.775970] ata2: PATA max UDMA/33 cmd 0x170 ctl 0x376 bmdma 0xd008 irq 15
[    1.778990] libphy: Fixed MDIO Bus: probed
[    1.780731] tun: Universal TUN/TAP device driver, 1.6
[    1.782912] tun: (C) 1999-2004 Max Krasnyansky <maxk@qualcomm.com>
[    1.785539] PPP generic driver version 2.4.2
[    1.787588] ehci_hcd: USB 2.0 'Enhanced' Host Controller (EHCI) Driver
[    1.790145] ehci-pci: EHCI PCI platform driver
[    1.792034] ehci-platform: EHCI generic platform driver
[    1.794445] ohci_hcd: USB 1.1 'Open' Host Controller (OHCI) Driver
[    1.796816] ohci-pci: OHCI PCI platform driver
[    1.798793] ohci-platform: OHCI generic platform driver
[    1.801090] uhci_hcd: USB Universal Host Controller Interface driver
[    1.803699] i8042: PNP: PS/2 Controller [PNP0303:PS2K,PNP0f03:PS2M] at 0x60,0x64 irq 1,12
[    1.808556] serio: i8042 KBD port at 0x60,0x64 irq 1
[    1.810611] serio: i8042 AUX port at 0x60,0x64 irq 12
[    1.812924] mousedev: PS/2 mouse device common for all mice
[    1.816274] rtc_cmos rtc_cmos: rtc core: registered rtc_cmos as rtc0
[    1.819587] input: AT Translated Set 2 keyboard as /devices/platform/i8042/serio0/input/input2
[    1.824842] rtc_cmos rtc_cmos: alarms up to one day, 114 bytes nvram
[    1.827678] i2c /dev entries driver
[    1.829461] device-mapper: uevent: version 1.0.3
[    1.831549] device-mapper: ioctl: 4.34.0-ioctl (2015-10-28) initialised: dm-devel@redhat.com
[    1.835588] platform eisa.0: Probing EISA bus 0
[    1.837554] platform eisa.0: EISA: Cannot allocate resource for mainboard
[    1.840411] platform eisa.0: Cannot allocate resource for EISA slot 1
[    1.843011] platform eisa.0: Cannot allocate resource for EISA slot 2
[    1.845498] platform eisa.0: Cannot allocate resource for EISA slot 3
[    1.847851] platform eisa.0: Cannot allocate resource for EISA slot 4
[    1.850241] platform eisa.0: Cannot allocate resource for EISA slot 5
[    1.852880] platform eisa.0: Cannot allocate resource for EISA slot 6
[    1.855499] platform eisa.0: Cannot allocate resource for EISA slot 7
[    1.858021] platform eisa.0: Cannot allocate resource for EISA slot 8
[    1.860518] platform eisa.0: EISA: Detected 0 cards
[    1.863156] cpufreq-nforce2: No nForce2 chipset.
[    1.865234] ledtrig-cpu: registered to indicate activity on CPUs
[    1.868484] NET: Registered protocol family 10
[    1.870740] NET: Registered protocol family 17
[    1.872941] Key type dns_resolver registered
[    1.875278] Using IPI No-Shortcut mode
[    1.877291] registered taskstats version 1
[    1.879305] Loading compiled-in X.509 certificates
[    1.885097] Loaded X.509 cert 'Build time autogenerated kernel key: 20ac0ed02049a72ce76c079ea50dd43d3ac5969c'
[    1.889337] zswap: loaded using pool lzo/zbud
[    1.894181] Key type trusted registered
[    1.901381] Key type encrypted registered
[    1.903156] AppArmor: AppArmor sha1 policy hashing enabled
[    1.905398] ima: No TPM chip found, activating TPM-bypass!
[    1.907591] ima: Allocated hash algorithm: sha1
[    1.909761] evm: HMAC attrs: 0x1
[    1.912745]   Magic number: 13:837:483
[    1.914730] rtc_cmos rtc_cmos: setting system clock to 2021-11-20 13:27:42 UTC (1637414862)
[    1.918481] BIOS EDD facility v0.16 2004-Jun-25, 0 devices found
[    1.920966] EDD information not available.
[    2.089423] isapnp: No Plug & Play device found
[    2.091998] Freeing unused kernel memory: 944K
[    2.766884] Write protecting the kernel text: 8156k
[    2.772215] Write protecting the kernel read-only data: 3220k
[    2.782055] NX-protecting the kernel data: 6180k
Loading, please wait...
starting version 229
[    2.864503] random: systemd-udevd: uninitialized urandom read (16 bytes read, 1 bits of entropy available)
[    2.866143] random: udevadm: uninitialized urandom read (16 bytes read, 1 bits of entropy available)
[    2.875950] random: systemd-udevd: uninitialized urandom read (16 bytes read, 1 bits of entropy available)
[    2.901145] random: udevadm: uninitialized urandom read (16 bytes read, 1 bits of entropy available)
[    2.901260] random: udevadm: uninitialized urandom read (16 bytes read, 1 bits of entropy available)
[    2.901615] random: udevadm: uninitialized urandom read (16 bytes read, 1 bits of entropy available)
[    2.901736] random: udevadm: uninitialized urandom read (16 bytes read, 1 bits of entropy available)
[    2.901855] random: udevadm: uninitialized urandom read (16 bytes read, 1 bits of entropy available)
[    2.901989] random: udevadm: uninitialized urandom read (16 bytes read, 1 bits of entropy available)
[    2.902233] random: udevadm: uninitialized urandom read (16 bytes read, 1 bits of entropy available)
[    3.007229] e1000: Intel(R) PRO/1000 Network Driver - version 7.3.21-k8-NAPI
[    3.010100] e1000: Copyright (c) 1999-2006 Intel Corporation.
[    3.012892] Fusion MPT base driver 3.04.20
[    3.015711] Copyright (c) 1999-2008 LSI Corporation
[    3.081048] Fusion MPT SPI Host driver 3.04.20
[    3.240462] input: ImExPS/2 Generic Explorer Mouse as /devices/platform/i8042/serio1/input/input4
[    3.682746] e1000 0000:00:03.0 eth0: (PCI:33MHz:32-bit) 02:4c:f1:9f:ae:47
[    3.694518] e1000 0000:00:03.0 eth0: Intel(R) PRO/1000 Network Connection
[    3.715524] mptbase: ioc0: Initiating bringup
[    3.719967] e1000 0000:00:03.0 enp0s3: renamed from eth0
[    4.275795] ioc0: LSI53C1030 A0: Capabilities={Initiator}
[    6.695361] scsi host2: ioc0: LSI53C1030 A0, FwRev=00000000h, Ports=1, MaxQ=256, IRQ=20
[    8.360319] scsi 2:0:0:0: Direct-Access     VBOX     HARDDISK         1.0  PQ: 0 ANSI: 5
[    8.377459] scsi target2:0:0: Beginning Domain Validation
[    8.395349] scsi target2:0:0: Domain Validation skipping write tests
[    8.406001] scsi target2:0:0: Ending Domain Validation
[    8.412725] scsi target2:0:0: asynchronous
[    8.420462] scsi 2:0:1:0: Direct-Access     VBOX     HARDDISK         1.0  PQ: 0 ANSI: 5
[    8.428841] scsi target2:0:1: Beginning Domain Validation
[    8.439285] scsi target2:0:1: Domain Validation skipping write tests
[    8.442165] scsi target2:0:1: Ending Domain Validation
[    8.445149] scsi target2:0:1: asynchronous
[    8.461681] sd 2:0:0:0: [sda] 83886080 512-byte logical blocks: (42.9 GB/40.0 GiB)
[    8.461821] sd 2:0:0:0: Attached scsi generic sg0 type 0
[    8.468954] sd 2:0:0:0: [sda] Write Protect is off
[    8.469931] sd 2:0:1:0: [sdb] 20480 512-byte logical blocks: (10.5 MB/10.0 MiB)
[    8.470270] sd 2:0:1:0: [sdb] Write Protect is off
[    8.470453] sd 2:0:1:0: [sdb] Incomplete mode parameter data
[    8.470456] sd 2:0:1:0: [sdb] Assuming drive cache: write through
[    8.473811] sd 2:0:1:0: Attached scsi generic sg1 type 0
[    8.484099] sd 2:0:0:0: [sda] Incomplete mode parameter data
[    8.486456] sd 2:0:0:0: [sda] Assuming drive cache: write through
[    8.486713] sd 2:0:1:0: [sdb] Attached SCSI disk
[    8.492834]  sda: sda1
[    8.495596] sd 2:0:0:0: [sda] Attached SCSI disk
Begin: Loading essential drivers ... [   10.606911] md: linear personality registered for level -1
[   10.617600] md: multipath personality registered for level -4
[   10.628244] md: raid0 personality registered for level 0
[   10.642558] md: raid1 personality registered for level 1
[   10.725095] raid6: mmxx1    gen()  1391 MB/s
[   10.793103] raid6: mmxx2    gen()  2231 MB/s
[   10.861061] raid6: sse1x1   gen()  1266 MB/s
[   10.929062] raid6: sse1x2   gen()  2199 MB/s
[   10.997069] raid6: sse2x1   gen()  2555 MB/s
[   11.065103] raid6: sse2x1   xor()  1423 MB/s
[   11.133057] raid6: sse2x2   gen()  4818 MB/s
[   11.201101] raid6: sse2x2   xor()  2608 MB/s
[   11.269023] raid6: avx2x1   gen()  5110 MB/s
[   11.337097] raid6: avx2x2   gen()  8425 MB/s
[   11.338886] raid6: using algorithm avx2x2 gen() 8425 MB/s
[   11.341043] raid6: using avx2x1 recovery algorithm
[   11.348889] xor: automatically using best checksumming function:
[   11.389106]    avx       : 15860.000 MB/sec
[   11.395633] async_tx: api initialized (async)
[   11.433280] md: raid6 personality registered for level 6
[   11.436078] md: raid5 personality registered for level 5
[   11.438260] md: raid4 personality registered for level 4
[   11.456812] md: raid10 personality registered for level 10
done.
Begin: Running /scripts/init-premount ... done.
Begin: Mounting root file system ... Begin: Running /scripts/local-top ... done.
Begin: Running /scripts/local-premount ... [   11.540945] Btrfs loaded
Scanning for Btrfs filesystems
done.
Warning: fsck not present, so skipping root file system
[   11.586348] EXT4-fs (sda1): INFO: recovery required on readonly filesystem
[   11.590265] EXT4-fs (sda1): write access will be enabled during recovery
[   11.664321] EXT4-fs (sda1): recovery complete
[   11.666976] EXT4-fs (sda1): mounted filesystem with ordered data mode. Opts: (null)
done.
Begin: Running /scripts/local-bottom ... done.
Begin: Running /scripts/init-bottom ... done.
[   12.095437] systemd[1]: systemd 229 running in system mode. (+PAM +AUDIT +SELINUX +IMA +APPARMOR +SMACK +SYSVINIT +UTMP +LIBCRYPTSETUP +GCRYPT +GNUTLS +ACL +XZ -LZ4 +SECCOMP +BLKID +ELFUTILS +KMOD -IDN)
[   12.113359] systemd[1]: Detected virtualization oracle.
[   12.118212] systemd[1]: Detected architecture x86.

Welcome to [1mUbuntu 16.04.7 LTS[0m!

[   12.273866] systemd[1]: Set hostname to <ubuntu-xenial>.
[   13.927110] random: nonblocking pool is initialized
[   14.166569] systemd[1]: Listening on LVM2 metadata daemon socket.
[[0;32m  OK  [0m] Listening on LVM2 metadata daemon socket.
[   14.170705] systemd[1]: Set up automount Arbitrary Executable File Formats File System Automount Point.
[[0;32m  OK  [0m] Set up automount Arbitrary Executab...ats File System Automount Point.
[   14.176559] systemd[1]: Reached target User and Group Name Lookups.
[[0;32m  OK  [0m] Reached target User and Group Name Lookups.
[   14.181146] systemd[1]: Created slice User and Session Slice.
[[0;32m  OK  [0m] Created slice User and Session Slice.
[   14.184892] systemd[1]: Reached target System Time Synchronized.
[[0;32m  OK  [0m] Reached target System Time Synchronized.
[   14.188750] systemd[1]: Listening on Journal Socket (/dev/log).
[[0;32m  OK  [0m] Listening on Journal Socket (/dev/log).
[   14.192653] systemd[1]: Listening on Journal Socket.
[[0;32m  OK  [0m] Listening on Journal Socket.
[   14.196206] systemd[1]: Listening on Journal Audit Socket.
[[0;32m  OK  [0m] Listening on Journal Audit Socket.
[   14.199839] systemd[1]: Listening on Syslog Socket.
[[0;32m  OK  [0m] Listening on Syslog Socket.
[   14.282770] systemd[1]: Listening on Device-mapper event daemon FIFOs.
[[0;32m  OK  [0m] Listening on Device-mapper event daemon FIFOs.
[   14.299535] systemd[1]: Listening on /dev/initctl Compatibility Named Pipe.
[[0;32m  OK  [0m] Listening on /dev/initctl Compatibility Named Pipe.
[   14.316795] systemd[1]: Reached target Encrypted Volumes.
[[0;32m  OK  [0m] Reached target Encrypted Volumes.
[   14.332378] systemd[1]: Listening on udev Kernel Socket.
[[0;32m  OK  [0m] Listening on udev Kernel Socket.
[   14.346942] systemd[1]: Started Forward Password Requests to Wall Directory Watch.
[[0;32m  OK  [0m] Started Forward Password Requests to Wall Directory Watch.
[   14.642383] systemd[1]: Listening on fsck to fsckd communication Socket.
[[0;32m  OK  [0m] Listening on fsck to fsckd communication Socket.
[   14.659633] systemd[1]: Listening on LVM2 poll daemon socket.
[[0;32m  OK  [0m] Listening on LVM2 poll daemon socket.
[   14.683096] systemd[1]: Reached target Swap.
[[0;32m  OK  [0m] Reached target Swap.
[   14.690731] systemd[1]: Listening on udev Control Socket.
[[0;32m  OK  [0m] Listening on udev Control Socket.
[   14.699413] systemd[1]: Started Trigger resolvconf update for networkd DNS.
[[0;32m  OK  [0m] Started Trigger resolvconf update for networkd DNS.
[   14.711084] systemd[1]: Created slice System Slice.
[[0;32m  OK  [0m] Created slice System Slice.
[   14.733919] systemd[1]: Starting File System Check on Root Device...
         Starting File System Check on Root Device...
[   14.753786] systemd[1]: Starting Nameserver information manager...
         Starting Nameserver information manager...
[   14.768825] systemd[1]: Starting Journal Service...
         Starting Journal Service...
[   14.778761] systemd[1]: Reached target Slices.
[[0;32m  OK  [0m] Reached target Slices.
[   14.813854] systemd[1]: Starting Load Kernel Modules...
         Starting Load Kernel Modules...
[   14.822716] systemd[1]: Starting Uncomplicated firewall...
         Starting Uncomplicated firewall...
[   14.830001] systemd[1]: Starting Monitoring of LVM2 mirrors, snapshots etc. using dmeventd or progress polling...
         Starting Monitoring of LVM2 mirrors... dmeventd or progress polling...
[   14.841416] systemd[1]: Mounting Huge Pages File System...
         Mounting Huge Pages File System...
[   14.858365] systemd[1]: Starting Set console keymap...
         Starting Set console keymap...
[   14.868071] systemd[1]: Mounting POSIX Message Queue File System...
         Mounting POSIX Message Queue File System...
[   14.875081] systemd[1]: Created slice system-serial\x2dgetty.slice.
[[0;32m  OK  [0m] Created slice system-serial\x2dgetty.slice.
[   14.883984] systemd[1]: Mounting Debug File System...
         Mounting Debug File System...
[   14.896083] systemd[1]: Starting Create list of required static device nodes for the current kernel...
         Starting Create list of required st... nodes for the current kernel...
[   14.908898] Loading iSCSI transport class v2.0-870.
[   14.909051] systemd[1]: Mounted Huge Pages File System.
[[0;32m  OK  [0m] Mounted Huge Pages File System.
[   14.915750] systemd[1]: Mounted POSIX Message Queue File System.
[[0;32m  OK  [0m] Mounted POSIX Message Queue File System.
[   14.924044] systemd[1]: Mounted Debug File System.
[[0;32m  OK  [0m] Mounted Debug File System.
[   14.942324] systemd[1]: Started Uncomplicated firewall.
[[0;32m  OK  [0m] Started Uncomplicated firewall.
[   14.950511] systemd[1]: Started Create list of required static device nodes for the current kernel.
[[0;32m  OK  [0m] Started Create list of required sta...ce nodes for the current kernel.
[   14.964275] systemd[1]: Started File System Check on Root Device.
[[0;32m  OK  [0m] Started File System Check on Root Device.
[   14.989261] systemd[1]: Started Nameserver information manager.
[[0;32m  OK  [0m] [   14.993645] iscsi: registered transport (tcp)
Started Nameserver information manager.
[   15.000772] systemd[1]: Started Journal Service.
[[0;32m  OK  [0m] Started Journal Service.
[[0;32m  OK  [0m] Started LVM2 metadata daemon.
[[0;32m  OK  [0m] Started File System Check Daemon to report status.
         Starting Remount Root and Kernel File Systems...
         Starting Create Static Device Nodes in /dev...
[   15.046453] EXT4-fs (sda1): re-mounted. Opts: (null)
[[0;32m  OK  [0m] Started Remount Root and Kernel File Systems.
         Starting Load/Save Random Seed...
         Starting udev Coldplug all Devices...
         Starting Flush Journal to Persistent Storage...
[[0;32m  OK  [0m] Started Load/Save Random Seed.
[   15.166610] systemd-journald[368]: Received request to flush runtime journal from PID 1
[   15.173380] iscsi: registered transport (iser)
[[0;32m  OK  [0m] Started Load Kernel Modules.
         Mounting FUSE Control File System...
         Starting Apply Kernel Variables...
[[0;32m  OK  [0m] Started Set console keymap.
[[0;32m  OK  [0m] Started Flush Journal to Persistent Storage.
[[0;32m  OK  [0m] Mounted FUSE Control File System.
[[0;32m  OK  [0m] Started Create Static Device Nodes in /dev.
         Starting udev Kernel Device Manager...
[[0;32m  OK  [0m] Started Apply Kernel Variables.
[[0;32m  OK  [0m] Started udev Kernel Device Manager.
[[0;32m  OK  [0m] Started udev Coldplug all Devices.
[[0;32m  OK  [0m] Started Dispatch Password Requests to Console Directory Watch.
[[0;32m  OK  [0m] Started Monitoring of LVM2 mirrors,...ng dmeventd or progress polling.
[[0;32m  OK  [0m] Reached target Local File Systems (Pre).
[[0;32m  OK  [0m] Reached target Local File Systems.
         Starting Initial cloud-init job (pre-networking)...
         Starting Create Volatile Files and Directories...
         Starting Tell Plymouth To Write Out Runtime Data...
         Starting Set console font and keymap...
         Starting LSB: AppArmor initialization...
[[0;32m  OK  [0m] Started Tell Plymouth To Write Out Runtime Data.
[[0;32m  OK  [0m] Started Create Volatile Files and Directories.
         Starting Update UTMP about System Boot/Shutdown...
[[0;32m  OK  [0m] Started Update UTMP about System Boot/Shutdown.
[[0;32m  OK  [0m] Found device /dev/ttyS0.
[[0;32m  OK  [0m] Listening on Load/Save RF Kill Switch Status /dev/rfkill Watch.
[[0;32m  OK  [0m] Started LSB: AppArmor initialization.
[[0;32m  OK  [0m] Found device 82540EM Gigabit Ethern...r (PRO/1000 MT Desktop Adapter).
         Starting Load AppArmor profiles managed internally by snapd...
[[0;32m  OK  [0m] Started Load AppArmor profiles managed internally by snapd.
[[0;32m  OK  [0m] Started Set console font and keymap.
[[0;32m  OK  [0m] Created slice system-getty.slice.
[   18.140464] cloud-init[498]: Cloud-init v. 21.1-19-gbad84ad4-0ubuntu1~16.04.2 running 'init-local' at Sat, 20 Nov 2021 13:27:58 +0000. Up 17.43 seconds.
[[0;32m  OK  [0m] Started Initial cloud-init job (pre-networking).
[[0;32m  OK  [0m] Reached target Network (Pre).
         Starting Raise network interfaces...
[[0;32m  OK  [0m] Started ifup for enp0s3.
[[0;32m  OK  [0m] Started Raise network interfaces.
[[0;32m  OK  [0m] Reached target Network.
         Starting Initial cloud-init job (metadata service crawler)...
[   20.232696] cloud-init[990]: Cloud-init v. 21.1-19-gbad84ad4-0ubuntu1~16.04.2 running 'init' at Sat, 20 Nov 2021 13:28:00 +0000. Up 19.44 seconds.
[   20.236289] cloud-init[990]: ci-info: ++++++++++++++++++++++++++++++++++++++Net device info++++++++++++++++++++++++++++++++++++++
[   20.240392] cloud-init[990]: ci-info: +--------+------+----------------------------+---------------+--------+-------------------+
[   20.251602] cloud-init[990]: ci-info: | Device |  Up  |          Address           |      Mask     | Scope  |     Hw-Address    |
[   20.264449] cloud-init[990]: ci-info: +--------+------+----------------------------+---------------+--------+-------------------+
[   20.267569] cloud-init[990]: ci-info: | enp0s3 | True |         10.0.2.15          | 255.255.255.0 | global | 02:4c:f1:9f:ae:47 |
[   20.274726] cloud-init[990]: ci-info: | enp0s3 | True | fe80::4c:f1ff:fe9f:ae47/64 |       .       |  link  | 02:4c:f1:9f:ae:47 |
[   20.277903] cloud-init[990]: ci-info: |   lo   | True |         127.0.0.1          |   255.0.0.0   |  host  |         .         |
[   20.288655] cloud-init[990]: ci-info: |   lo   | True |          ::1/128           |       .       |  host  |         .         |
[   20.292014] cloud-init[990]: ci-info: +--------+------+----------------------------+---------------+--------+-------------------+
[   20.295210] cloud-init[990]: ci-info: +++++++++++++++++++++++++++Route IPv4 info++++++++++++++++++++++++++++
[   20.298075] cloud-init[990]: ci-info: +-------+-------------+----------+---------------+-----------+-------+
[   20.300923] cloud-init[990]: ci-info: | Route | Destination | Gateway  |    Genmask    | Interface | Flags |
[   20.303928] cloud-init[990]: ci-info: +-------+-------------+----------+---------------+-----------+-------+
[   20.306810] cloud-init[990]: ci-info: |   0   |   0.0.0.0   | 10.0.2.2 |    0.0.0.0    |   enp0s3  |   UG  |
[   20.309696] cloud-init[990]: ci-info: |   1   |   10.0.2.0  | 0.0.0.0  | 255.255.255.0 |   enp0s3  |   U   |
[   20.313284] cloud-init[990]: ci-info: +-------+-------------+----------+---------------+-----------+-------+
[   20.315947] cloud-init[990]: ci-info: +++++++++++++++++++Route IPv6 info+++++++++++++++++++
[   20.318580] cloud-init[990]: ci-info: +-------+-------------+---------+-----------+-------+
[   20.321188] cloud-init[990]: ci-info: | Route | Destination | Gateway | Interface | Flags |
[   20.323768] cloud-init[990]: ci-info: +-------+-------------+---------+-----------+-------+
[   20.326347] cloud-init[990]: ci-info: |   0   |  fe80::/64  |    ::   |   enp0s3  |   U   |
[   20.328906] cloud-init[990]: ci-info: |   3   |   ff00::/8  |    ::   |   enp0s3  |   U   |
[   20.331622] cloud-init[990]: ci-info: +-------+-------------+---------+-----------+-------+
[[0;32m  OK  [0m] Started Initial cloud-init job (metadata service crawler).
[[0;32m  OK  [0m] Reached target System Initialization.
[[0;32m  OK  [0m] Started Daily apt download activities.
         Starting Socket activation for snappy daemon.
[[0;32m  OK  [0m] Started Daily Cleanup of Temporary Directories.
[[0;32m  OK  [0m] Started Daily apt upgrade and clean activities.
[[0;32m  OK  [0m] Started ACPI Events Check.
[[0;32m  OK  [0m] Reached target Paths.
[[0;32m  OK  [0m] Started Ubuntu Advantage update messaging.
[[0;32m  OK  [0m] Listening on UUID daemon activation socket.
[[0;32m  OK  [0m] Started Message of the Day.
[[0;32m  OK  [0m] Reached target Timers.
[[0;32m  OK  [0m] Listening on D-Bus System Message Bus Socket.
[[0;32m  OK  [0m] Listening on ACPID Listen Socket.
         Starting LXD - unix socket.
[[0;32m  OK  [0m] Reached target Cloud-config availability.
[[0;32m  OK  [0m] Reached target Network is Online.
         Starting iSCSI initiator daemon (iscsid)...
[[0;32m  OK  [0m] Listening on Socket activation for snappy daemon.
[[0;32m  OK  [0m] Listening on LXD - unix socket.
[[0;32m  OK  [0m] Reached target Sockets.
[[0;32m  OK  [0m] Reached target Basic System.
[[0;32m  OK  [0m] Started Deferred execution scheduler.
         Starting Ubuntu Advantage APT and MOTD Messages...
[[0;32m  OK  [0m] Started FUSE filesystem for LXC.
         Starting Login Service...
[[0;32m  OK  [0m] Started D-Bus System Message Bus.
         Starting LXD - container startup/shutdown...
         Starting LSB: Record successful boot for GRUB...
[[0;32m  OK  [0m] Started ACPI event daemon.
         Starting LSB: MD monitoring daemon...
[[0;32m  OK  [0m] Started Regular background program processing daemon.
         Starting /etc/rc.local Compatibility...
         Starting Accounts Service...
         Starting OpenBSD Secure Shell server...
         Starting Virtualbox guest utils...
         Starting Message of the Day...
         Starting System Logging Service...
         Starting Snap Daemon...
[[0;32m  OK  [0m] Started /etc/rc.local Compatibility.
[[0;32m  OK  [0m] Started Message of the Day.
[[0;32m  OK  [0m] Started Login Service.
[[0;32m  OK  [0m] Started Unattended Upgrades Shutdown.
[[0;32m  OK  [0m] Started iSCSI initiator daemon (iscsid).
         Starting Login to default iSCSI targets...
[[0;32m  OK  [0m] Started LSB: Record successful boot for GRUB.
[[0;32m  OK  [0m] Started LSB: MD monitoring daemon.
[[0;32m  OK  [0m] Started Login to default iSCSI targets.
[[0;32m  OK  [0m] Reached target Remote File Systems (Pre).
         Mounting /vagrant...
[[0;32m  OK  [0m] Started System Logging Service.
         Starting Authenticate and Authorize Users to Run Privileged Tasks...
[[0;1;31mFAILED[0m] Failed to mount /vagrant.
See 'systemctl status vagrant.mount' for details.
[[0;1;33mDEPEND[0m] Dependency failed for Remote File Systems.
         Starting Permit User Sessions...
         Starting LSB: Set the CPU Frequency Scaling governor to "ondemand"...
         Starting LSB: automatic crash report generation...
         Starting LSB: daemon to balance interrupts for SMP systems...
[[0;32m  OK  [0m] Started Permit User Sessions.
         Starting Hold until boot process finishes up...
         Starting Terminate Plymouth Boot Screen...
[[0;32m  OK  [0m] Started Hold until boot process finishes up.
[[0;32m  OK  [0m] Started Terminate Plymouth Boot Screen.
[[0;32m  OK  [0m] Started Getty on tty1.
[[0;32m  OK  [0m] Started Serial Getty on ttyS0.
[[0;32m  OK  [0m] Reached target Login Prompts.
         Starting Set console scheme...
[[0;32m  OK  [0m] Started LSB: Set the CPU Frequency Scaling governor to "ondemand".
[[0;32m  OK  [0m] Started Set console scheme.
[[0;32m  OK  [0m] Started OpenBSD Secure Shell server.
[[0;32m  OK  [0m] Started LSB: daemon to balance interrupts for SMP systems.
[[0;32m  OK  [0m] Started LSB: automatic crash report generation.
[[0;32m  OK  [0m] Started Authenticate and Authorize Users to Run Privileged Tasks.
[[0;32m  OK  [0m] Started Accounts Service.
[[0;32m  OK  [0m] Started Virtualbox guest utils.
[[0;32m  OK  [0m] Started LXD - container startup/shutdown.
[[0;32m  OK  [0m] Started Snap Daemon.
         Starting Wait until snapd is fully seeded...
[[0;32m  OK  [0m] Started Wait until snapd is fully seeded.
         Starting Apply the settings specified in cloud-config...
[[0;32m  OK  [0m] Reached target Multi-User System.
[[0;32m  OK  [0m] Reached target Graphical Interface.
         Starting Update UTMP about System Runlevel Changes...
[[0;32m  OK  [0m] Started Update UTMP about System Runlevel Changes.
[[0;32m  OK  [0m] Started Ubuntu Advantage APT and MOTD Messages.
[   24.358980] cloud-init[1267]: Cloud-init v. 21.1-19-gbad84ad4-0ubuntu1~16.04.2 running 'modules:config' at Sat, 20 Nov 2021 13:28:05 +0000. Up 23.99 seconds.
[[0;32m  OK  [0m] Started Apply the settings specified in cloud-config.
         Starting Execute cloud user/final scripts...
[   26.013477] cloud-init[1281]: Cloud-init v. 21.1-19-gbad84ad4-0ubuntu1~16.04.2 running 'modules:final' at Sat, 20 Nov 2021 13:28:06 +0000. Up 25.37 seconds.
[   26.024904] cloud-init[1281]: Cloud-init v. 21.1-19-gbad84ad4-0ubuntu1~16.04.2 finished at Sat, 20 Nov 2021 13:28:07 +0000. Datasource DataSourceNoCloud [seed=/dev/sdb][dsmode=net].  Up 25.99 seconds
[[0;32m  OK  [0m] Started Execute cloud user/final scripts.
[[0;32m  OK  [0m] Reached target Cloud-init target.
         Starting Daily apt download activities...

Ubuntu 16.04.7 LTS ubuntu-xenial ttyS0

ubuntu-xenial login: 